
> docusaurus@0.0.0 build
> node generatePluginsPages.js && docusaurus build

Added plugin Charts with all published versions
Added plugin Chem with all published versions
Added plugin Compute with all published versions
Added plugin Peptides with all published versions
Added plugin Helm with all published versions
Added plugin EDA with all published versions
Added plugin Chembl with all published versions
Added plugin PowerGrid with all published versions
Added plugin Bio with all published versions
Added plugin HitTriage with all published versions
Added plugin Samples with all published versions
Added plugin Dendrogram with all published versions
Added plugin PowerPack with all published versions
Added plugin Clinical Case with all published versions
Added plugin Oligo Batch Calculator with all published versions
Added plugin SimPKPD with all published versions
Added plugin Chemspace with all published versions
Added plugin PubChem with all published versions
Added plugin Diff Studio with all published versions
Added plugin DevTools with all published versions
Added plugin NLP with all published versions
Added plugin Tutorials with all published versions
Added plugin Biostructure Viewer with all published versions
Added plugin Marvin with all published versions
Added plugin PhyloTreeViewer with all published versions
Added plugin DrugBank with all published versions
Added plugin Arrow with all published versions
Added plugin ChemblAPI with all published versions
Added plugin Curves with all published versions
Added plugin Docking with all published versions
Added plugin Bioreactor with all published versions
Added plugin Usage Analysis with all published versions
Added plugin Ketcher Sketcher with all published versions
Added plugin Alation with all published versions
Added plugin API Samples with all published versions
Added plugin GIS with all published versions
Added plugin Sequence Translator with all published versions
WARN: @datagrok/chem-draw-sketcher is skipped because of occurred error: TypeError: Cannot read properties of undefined (reading 'directory')
Added plugin SQLite with all published versions
Added plugin File Editors with all published versions
Added plugin Notebooks with all published versions
Added plugin Sunburst with all published versions
Added plugin Samples changelog to help
Added plugin Ketcher Sketcher changelog to help
Added plugin Docking changelog to help
Added plugin Diff Studio changelog to help
Added plugin Bioreactor changelog to help
Added plugin EDA changelog to help
Added plugin Curves changelog to help
Added plugin Biostructure Viewer changelog to help
Added plugin GIS changelog to help
Added plugin Dendrogram changelog to help
Added plugin PhyloTreeViewer changelog to help
Added plugin Alation changelog to help
Added plugin Arrow changelog to help
Added plugin Helm changelog to help
Added plugin PowerGrid changelog to help
Added plugin SQLite changelog to help
Added plugin Oligo Batch Calculator changelog to help
Added plugin Usage Analysis changelog to help
Added plugin Sequence Translator changelog to help
Added plugin Tutorials changelog to help
Added plugin Clinical Case changelog to help
Added plugin Peptides changelog to help
Added plugin DevTools changelog to help
Added plugin HitTriage changelog to help
Added plugin Compute changelog to help
Added plugin Bio changelog to help
Added plugin DrugBank changelog to help
Added plugin ChemblAPI changelog to help
Added plugin PubChem changelog to help
Added plugin NLP changelog to help
Added plugin Notebooks changelog to help
Added plugin SimPKPD changelog to help
Added plugin File Editors changelog to help
Added plugin Chemspace changelog to help
Added plugin Charts changelog to help
Added plugin PowerPack changelog to help
Added plugin Chembl changelog to help
Added plugin API Samples changelog to help
Added plugin Chem changelog to help

 ------------------------------------------------------------------------------                                                                                                          Update available 3.2.1 â†’ 3.5.2                                                                                                                 To upgrade Docusaurus packages with the latest version, run the                                       following command:                                        `npm i @docusaurus/core@latest @docusaurus/preset-classic@latest                @docusaurus/logger@latest @docusaurus/module-type-aliases@latest                     @docusaurus/tsconfig@latest @docusaurus/types@latest`                                                                                               ------------------------------------------------------------------------------ 

[INFO] [en] Creating an optimized production build...
[96m[info][0m Loaded plugin typedoc-plugin-markdown
[96m[info][0m Loaded plugin typedoc-plugin-replace-text
[96m../js-api/dg.ts[0m:[93m1[0m:[93m15[0m - [91merror[0m[90m TS2307: [0mCannot find module 'cash-dom' or its corresponding type declarations.

[7m1[0m import $ from 'cash-dom';
[7m [0m [91m              ~~~~~~~~~~[0m

[96m../js-api/dg.ts[0m:[93m2[0m:[93m24[0m - [91merror[0m[90m TS2307: [0mCannot find module 'dayjs' or its corresponding type declarations.

[7m2[0m import * as dayjs from 'dayjs';
[7m [0m [91m                       ~~~~~~~[0m

[96m../js-api/dg.ts[0m:[93m3[0m:[93m17[0m - [91merror[0m[90m TS2307: [0mCannot find module 'dayjs/plugin/utc' or its corresponding type declarations.

[7m3[0m import utc from 'dayjs/plugin/utc';
[7m [0m [91m                ~~~~~~~~~~~~~~~~~~[0m

[96m../js-api/dg.ts[0m:[93m6[0m:[93m21[0m - [91merror[0m[90m TS2307: [0mCannot find module 'wu' or its corresponding type declarations.

[7m6[0m import * as wu from 'wu';
[7m [0m [91m                    ~~~~[0m

[96m../js-api/src/chem.ts[0m:[93m7[0m:[93m37[0m - [91merror[0m[90m TS2307: [0mCannot find module 'rxjs' or its corresponding type declarations.

[7m7[0m import {Subject, Subscription} from 'rxjs';
[7m [0m [91m                                    ~~~~~~[0m

[96m../js-api/src/chem.ts[0m:[93m12[0m:[93m15[0m - [91merror[0m[90m TS2307: [0mCannot find module 'cash-dom' or its corresponding type declarations.

[7m12[0m import $ from 'cash-dom';
[7m  [0m [91m              ~~~~~~~~~~[0m

[96m../js-api/src/chem.ts[0m:[93m15[0m:[93m32[0m - [91merror[0m[90m TS2307: [0mCannot find module '@datagrok-libraries/chem-meta/src/parsing-utils/molfile-handler' or its corresponding type declarations.

[7m15[0m import { MolfileHandler } from "@datagrok-libraries/chem-meta/src/parsing-utils/molfile-handler";
[7m  [0m [91m                               ~~~~~~~~~~~~~~~~~~~~~~~~~~~~~~~~~~~~~~~~~~~~~~~~~~~~~~~~~~~~~~~~~[0m

[96m../js-api/src/dataframe.ts[0m:[93m3[0m:[93m23[0m - [91merror[0m[90m TS2307: [0mCannot find module 'rxjs' or its corresponding type declarations.

[7m3[0m import * as rxjs from 'rxjs';
[7m [0m [91m                      ~~~~~~[0m

[96m../js-api/src/dataframe.ts[0m:[93m20[0m:[93m27[0m - [91merror[0m[90m TS2307: [0mCannot find module 'rxjs' or its corresponding type declarations.

[7m20[0m import {Observable}  from "rxjs";
[7m  [0m [91m                          ~~~~~~[0m

[96m../js-api/src/dataframe.ts[0m:[93m21[0m:[93m22[0m - [91merror[0m[90m TS2307: [0mCannot find module 'rxjs/operators' or its corresponding type declarations.

[7m21[0m import {filter} from "rxjs/operators";
[7m  [0m [91m                     ~~~~~~~~~~~~~~~~[0m

[96m../js-api/src/dataframe.ts[0m:[93m27[0m:[93m19[0m - [91merror[0m[90m TS2307: [0mCannot find module 'dayjs' or its corresponding type declarations.

[7m27[0m import dayjs from "dayjs";
[7m  [0m [91m                  ~~~~~~~[0m

[96m../js-api/src/docking.ts[0m:[93m1[0m:[93m23[0m - [91merror[0m[90m TS2307: [0mCannot find module 'rxjs' or its corresponding type declarations.

[7m1[0m import * as rxjs from 'rxjs';
[7m [0m [91m                      ~~~~~~[0m

[96m../js-api/src/entities.ts[0m:[93m10[0m:[93m19[0m - [91merror[0m[90m TS2307: [0mCannot find module 'dayjs' or its corresponding type declarations.

[7m10[0m import dayjs from "dayjs";
[7m  [0m [91m                  ~~~~~~~[0m

[96m../js-api/src/events.ts[0m:[93m1[0m:[93m23[0m - [91merror[0m[90m TS2307: [0mCannot find module 'rxjs' or its corresponding type declarations.

[7m1[0m import * as rxjs from 'rxjs';
[7m [0m [91m                      ~~~~~~[0m

[96m../js-api/src/events.ts[0m:[93m2[0m:[93m26[0m - [91merror[0m[90m TS2307: [0mCannot find module 'rxjs' or its corresponding type declarations.

[7m2[0m import {Observable} from 'rxjs';
[7m [0m [91m                         ~~~~~~[0m

[96m../js-api/src/events.ts[0m:[93m3[0m:[93m32[0m - [91merror[0m[90m TS2307: [0mCannot find module 'rxjs/operators' or its corresponding type declarations.

[7m3[0m import * as rxjsOperators from 'rxjs/operators';
[7m [0m [91m                               ~~~~~~~~~~~~~~~~[0m

[96m../js-api/src/events.ts[0m:[93m4[0m:[93m22[0m - [91merror[0m[90m TS2307: [0mCannot find module 'rxjs/operators' or its corresponding type declarations.

[7m4[0m import {filter} from 'rxjs/operators';
[7m [0m [91m                     ~~~~~~~~~~~~~~~~[0m

[96m../js-api/src/functions.ts[0m:[93m6[0m:[93m26[0m - [91merror[0m[90m TS2307: [0mCannot find module 'rxjs' or its corresponding type declarations.

[7m6[0m import {Observable} from "rxjs";
[7m [0m [91m                         ~~~~~~[0m

[96m../js-api/src/functions.ts[0m:[93m8[0m:[93m23[0m - [91merror[0m[90m TS2307: [0mCannot find module 'rxjs' or its corresponding type declarations.

[7m8[0m import * as rxjs from "rxjs";
[7m [0m [91m                      ~~~~~~[0m

[96m../js-api/src/functions.ts[0m:[93m9[0m:[93m19[0m - [91merror[0m[90m TS2307: [0mCannot find module 'dayjs' or its corresponding type declarations.

[7m9[0m import dayjs from "dayjs";
[7m [0m [91m                  ~~~~~~~[0m

[96m../js-api/src/grid.ts[0m:[93m6[0m:[93m26[0m - [91merror[0m[90m TS2307: [0mCannot find module 'rxjs' or its corresponding type declarations.

[7m6[0m import {Observable} from 'rxjs';
[7m [0m [91m                         ~~~~~~[0m

[96m../js-api/src/logger.ts[0m:[93m5[0m:[93m19[0m - [91merror[0m[90m TS2307: [0mCannot find module 'dayjs' or its corresponding type declarations.

[7m5[0m import dayjs from "dayjs";
[7m [0m [91m                  ~~~~~~~[0m

[96m../js-api/src/utils.ts[0m:[93m6[0m:[93m23[0m - [91merror[0m[90m TS2307: [0mCannot find module 'rxjs' or its corresponding type declarations.

[7m6[0m import * as rxjs from 'rxjs';
[7m [0m [91m                      ~~~~~~[0m

[96m../js-api/src/viewer.ts[0m:[93m9[0m:[93m23[0m - [91merror[0m[90m TS2307: [0mCannot find module 'rxjs' or its corresponding type declarations.

[7m9[0m import * as rxjs from "rxjs";
[7m [0m [91m                      ~~~~~~[0m

[96m../js-api/src/viewer.ts[0m:[93m10[0m:[93m28[0m - [91merror[0m[90m TS2307: [0mCannot find module 'rxjs' or its corresponding type declarations.

[7m10[0m import {Subscription} from "rxjs";
[7m  [0m [91m                           ~~~~~~[0m

[96m../js-api/src/viewer.ts[0m:[93m11[0m:[93m27[0m - [91merror[0m[90m TS2307: [0mCannot find module 'rxjs/operators' or its corresponding type declarations.

[7m11[0m import {filter, map} from 'rxjs/operators';
[7m  [0m [91m                          ~~~~~~~~~~~~~~~~[0m

[96m../js-api/src/viewer.ts[0m:[93m15[0m:[93m19[0m - [91merror[0m[90m TS2307: [0mCannot find module 'dayjs' or its corresponding type declarations.

[7m15[0m import dayjs from "dayjs";
[7m  [0m [91m                  ~~~~~~~[0m

[96m../js-api/src/views/view.ts[0m:[93m11[0m:[93m15[0m - [91merror[0m[90m TS2307: [0mCannot find module 'cash-dom' or its corresponding type declarations.

[7m11[0m import $ from "cash-dom";
[7m  [0m [91m              ~~~~~~~~~~[0m

[96m../js-api/src/views/view.ts[0m:[93m12[0m:[93m28[0m - [91merror[0m[90m TS2307: [0mCannot find module 'rxjs' or its corresponding type declarations.

[7m12[0m import {Subscription} from "rxjs";
[7m  [0m [91m                           ~~~~~~[0m

[96m../js-api/src/widgets.ts[0m:[93m3[0m:[93m23[0m - [91merror[0m[90m TS2307: [0mCannot find module 'rxjs' or its corresponding type declarations.

[7m3[0m import * as rxjs from "rxjs";
[7m [0m [91m                      ~~~~~~[0m

[96m../js-api/src/widgets.ts[0m:[93m4[0m:[93m60[0m - [91merror[0m[90m TS2307: [0mCannot find module 'rxjs' or its corresponding type declarations.

[7m4[0m import {fromEvent, Observable, Subject, Subscription} from "rxjs";
[7m [0m [91m                                                           ~~~~~~[0m

[96m../js-api/src/widgets.ts[0m:[93m8[0m:[93m27[0m - [91merror[0m[90m TS2307: [0mCannot find module 'rxjs/operators' or its corresponding type declarations.

[7m8[0m import {filter, map} from 'rxjs/operators';
[7m [0m [91m                          ~~~~~~~~~~~~~~~~[0m

[96m../js-api/src/widgets.ts[0m:[93m9[0m:[93m15[0m - [91merror[0m[90m TS2307: [0mCannot find module 'cash-dom' or its corresponding type declarations.

[7m9[0m import $ from "cash-dom";
[7m [0m [91m              ~~~~~~~~~~[0m

[96m../js-api/src/widgets.ts[0m:[93m11[0m:[93m19[0m - [91merror[0m[90m TS2307: [0mCannot find module 'dayjs' or its corresponding type declarations.

[7m11[0m import dayjs from "dayjs";
[7m  [0m [91m                  ~~~~~~~[0m

[96m../js-api/src/widgets.ts[0m:[93m12[0m:[93m23[0m - [91merror[0m[90m TS2307: [0mCannot find module 'typeahead-standalone' or its corresponding type declarations.

[7m12[0m import typeahead from 'typeahead-standalone';
[7m  [0m [91m                      ~~~~~~~~~~~~~~~~~~~~~~[0m

[96m../js-api/src/widgets.ts[0m:[93m13[0m:[93m43[0m - [91merror[0m[90m TS2307: [0mCannot find module 'typeahead-standalone/dist/types' or its corresponding type declarations.

[7m13[0m import {Dictionary, typeaheadConfig} from 'typeahead-standalone/dist/types';
[7m  [0m [91m                                          ~~~~~~~~~~~~~~~~~~~~~~~~~~~~~~~~~[0m

[96m../js-api/src/wrappers_impl.ts[0m:[93m3[0m:[93m19[0m - [91merror[0m[90m TS2307: [0mCannot find module 'dayjs' or its corresponding type declarations.

[7m3[0m import dayjs from "dayjs";
[7m [0m [91m                  ~~~~~~~[0m

[96m../js-api/ui.ts[0m:[93m31[0m:[93m15[0m - [91merror[0m[90m TS2307: [0mCannot find module 'cash-dom' or its corresponding type declarations.

[7m31[0m import $ from 'cash-dom';
[7m  [0m [91m              ~~~~~~~~~~[0m

[96m../js-api/ui.ts[0m:[93m34[0m:[93m23[0m - [91merror[0m[90m TS2307: [0mCannot find module 'rxjs' or its corresponding type declarations.

[7m34[0m import * as rxjs from 'rxjs';
[7m  [0m [91m                      ~~~~~~[0m

[96m../js-api/ui.ts[0m:[93m38[0m:[93m19[0m - [91merror[0m[90m TS2307: [0mCannot find module 'dayjs' or its corresponding type declarations.

[7m38[0m import dayjs from "dayjs";
[7m  [0m [91m                  ~~~~~~~[0m

[docusaurus-plugin-typedoc] TypeDoc exited with an error. Use the "skipErrorChecking" option to disable TypeDoc error checking.
